{"uuid":"4a8ac5be-f2ae-457e-9e80-b7717197a655","historyId":"f3983001d48b9744b33c723d15d578b8","fullName":"demo.BingTest.openBingAndSearch","labels":[{"name":"package","value":"demo.BingTest"},{"name":"testClass","value":"demo.BingTest"},{"name":"testMethod","value":"openBingAndSearch"},{"name":"parentSuite","value":"Surefire suite"},{"name":"suite","value":"Surefire test"},{"name":"subSuite","value":"demo.BingTest"},{"name":"host","value":"AGDCom-21-2373-Ubuntu"},{"name":"thread","value":"129497@AGDCom-21-2373-Ubuntu.TestNG-test-Surefire test-2(24)"},{"name":"framework","value":"testng"},{"name":"language","value":"java"}],"links":[],"name":"openBingAndSearch","status":"failed","statusDetails":{"known":false,"muted":false,"flaky":false,"message":"Element not found {.b_algo h2.findBy(text \"selenide.org\")}\nExpected: visible\nScreenshot: file:/home/sangle/Documents/selenium_lv3/build/reports/tests/1757917758671.0.png\nPage source: file:/home/sangle/Documents/selenium_lv3/build/reports/tests/1757917758671.0.html\nTimeout: 10 s.\nCaused by: NoSuchElementException: Cannot locate an element .b_algo h2.findBy(text \"selenide.org\")","trace":"Element not found {.b_algo h2.findBy(text \"selenide.org\")}\nExpected: visible\nScreenshot: file:/home/sangle/Documents/selenium_lv3/build/reports/tests/1757917758671.0.png\nPage source: file:/home/sangle/Documents/selenium_lv3/build/reports/tests/1757917758671.0.html\nTimeout: 10 s.\nCaused by: NoSuchElementException: Cannot locate an element .b_algo h2.findBy(text \"selenide.org\")\n\tat com.codeborne.selenide.impl.WebElementSource.createElementNotFoundError(WebElementSource.java:89)\n\tat com.codeborne.selenide.impl.WebElementSource.handleError(WebElementSource.java:140)\n\tat com.codeborne.selenide.impl.WebElementSource.checkConditionAndReturnElement(WebElementSource.java:123)\n\tat com.codeborne.selenide.impl.WebElementSource.checkCondition(WebElementSource.java:99)\n\tat com.codeborne.selenide.commands.Should.execute(Should.java:24)\n\tat com.codeborne.selenide.FluentCommand.execute(FluentCommand.java:27)\n\tat com.codeborne.selenide.FluentCommand.execute(FluentCommand.java:19)\n\tat com.codeborne.selenide.commands.Commands.execute(Commands.java:160)\n\tat com.codeborne.selenide.impl.SelenideElementProxy.dispatchAndRetry(SelenideElementProxy.java:131)\n\tat com.codeborne.selenide.impl.SelenideElementProxy.invoke(SelenideElementProxy.java:83)\n\tat jdk.proxy2/jdk.proxy2.$Proxy14.shouldBe(Unknown Source)\n\tat demo.BingTest.openBingAndSearch(BingTest.java:18)\n\tat java.base/jdk.internal.reflect.NativeMethodAccessorImpl.invoke0(Native Method)\n\tat java.base/jdk.internal.reflect.NativeMethodAccessorImpl.invoke(NativeMethodAccessorImpl.java:77)\n\tat java.base/jdk.internal.reflect.DelegatingMethodAccessorImpl.invoke(DelegatingMethodAccessorImpl.java:43)\n\tat java.base/java.lang.reflect.Method.invoke(Method.java:569)\n\tat org.testng.internal.invokers.MethodInvocationHelper.invokeMethod(MethodInvocationHelper.java:141)\n\tat org.testng.internal.invokers.TestInvoker.invokeMethod(TestInvoker.java:686)\n\tat org.testng.internal.invokers.TestInvoker.invokeTestMethod(TestInvoker.java:230)\n\tat org.testng.internal.invokers.MethodRunner.runInSequence(MethodRunner.java:63)\n\tat org.testng.internal.invokers.TestInvoker$MethodInvocationAgent.invoke(TestInvoker.java:992)\n\tat org.testng.internal.invokers.TestInvoker.invokeTestMethods(TestInvoker.java:203)\n\tat org.testng.internal.invokers.TestMethodWorker.invokeTestMethods(TestMethodWorker.java:154)\n\tat org.testng.internal.invokers.TestMethodWorker.run(TestMethodWorker.java:134)\n\tat java.base/java.util.concurrent.Executors$RunnableAdapter.call(Executors.java:539)\n\tat java.base/java.util.concurrent.FutureTask.run(FutureTask.java:264)\n\tat org.testng.internal.thread.graph.TestNGFutureTask.run(TestNGFutureTask.java:22)\n\tat java.base/java.util.concurrent.ThreadPoolExecutor.runWorker(ThreadPoolExecutor.java:1136)\n\tat java.base/java.util.concurrent.ThreadPoolExecutor$Worker.run(ThreadPoolExecutor.java:635)\n\tat java.base/java.lang.Thread.run(Thread.java:840)\nCaused by: org.openqa.selenium.NoSuchElementException: Cannot locate an element .b_algo h2.findBy(text \"selenide.org\")\nFor documentation on this error, please visit: https://www.selenium.dev/documentation/webdriver/troubleshooting/errors#no-such-element-exception\nBuild info: version: '4.35.0', revision: '1c58e5028b'\nSystem info: os.name: 'Linux', os.arch: 'amd64', os.version: '6.14.0-29-generic', java.version: '17.0.16'\nDriver info: driver.version: unknown\n\tat com.codeborne.selenide.impl.CollectionElementByCondition.getWebElement(CollectionElementByCondition.java:46)\n\tat com.codeborne.selenide.impl.WebElementSource.checkConditionAndReturnElement(WebElementSource.java:112)\n\t... 27 more\n"},"stage":"finished","steps":[],"attachments":[],"parameters":[],"start":1757917744180,"stop":1757917760514}